<?xml version="1.0" encoding="UTF-8"?>
<testng-results skipped="0" failed="0" ignored="0" total="1" passed="1">
  <reporter-output>
  </reporter-output>
  <suite name="Default suite" duration-ms="10503" started-at="2020-09-01T15:29:37Z" finished-at="2020-09-01T15:29:48Z">
    <groups>
    </groups>
    <test name="Default test" duration-ms="10503" started-at="2020-09-01T15:29:37Z" finished-at="2020-09-01T15:29:48Z">
      <class name="seleniuminterview.testAssignment.TestCase2">
        <test-method status="PASS" signature="initialbrowser()[pri:0, instance:seleniuminterview.testAssignment.TestCase2@7dc7cbad]" name="initialbrowser" is-config="true" duration-ms="8160" started-at="2020-09-01T20:59:37Z" finished-at="2020-09-01T20:59:46Z">
          <reporter-output>
          </reporter-output>
        </test-method> <!-- initialbrowser -->
        <test-method status="PASS" signature="validateLoginSuccess()[pri:0, instance:seleniuminterview.testAssignment.TestCase2@7dc7cbad]" name="validateLoginSuccess" duration-ms="2140" started-at="2020-09-01T20:59:46Z" finished-at="2020-09-01T20:59:48Z">
          <reporter-output>
          </reporter-output>
        </test-method> <!-- validateLoginSuccess -->
        <test-method status="PASS" signature="destroy()[pri:0, instance:seleniuminterview.testAssignment.TestCase2@7dc7cbad]" name="destroy" is-config="true" duration-ms="167" started-at="2020-09-01T20:59:48Z" finished-at="2020-09-01T20:59:48Z">
          <reporter-output>
          </reporter-output>
        </test-method> <!-- destroy -->
      </class> <!-- seleniuminterview.testAssignment.TestCase2 -->
    </test> <!-- Default test -->
  </suite> <!-- Default suite -->
</testng-results>
