<?xml version="1.0" encoding="UTF-8"?>
<!-- Generated by org.testng.reporters.JUnitXMLReporter -->
<testsuite hostname="LAPTOP-P8FBN143" ignored="0" name="Test1" tests="5" failures="0" timestamp="01 Sep 2020 15:25:37 GMT" time="61.983" errors="0">
  <testcase name="verifyLoginValidation" time="0.557" classname="seleniuminterview.testAssignment.TestCase1"/>
  <testcase name="validateLoginSuccess" time="6.247" classname="seleniuminterview.testAssignment.TestCase2"/>
  <testcase name="addPromise" time="11.362" classname="seleniuminterview.testAssignment.TestCase3"/>
  <testcase name="verifyPromise" time="6.538" classname="seleniuminterview.testAssignment.TestCase4"/>
  <testcase name="validateLogout" time="2.347" classname="seleniuminterview.testAssignment.TestCase5"/>
</testsuite> <!-- Test1 -->
