<?xml version="1.0" encoding="UTF-8"?>
<testsuite xmlns:xsi="http://www.w3.org/2001/XMLSchema-instance" xsi:noNamespaceSchemaLocation="https://maven.apache.org/surefire/maven-surefire-plugin/xsd/surefire-test-report-3.0.xsd" version="3.0" name="TestSuite" time="53.937" tests="5" errors="0" skipped="0" failures="0">
  <properties>
[...]
</properties>
  <testcase name="verifyLoginValidation" classname="seleniuminterview.testAssignment.TestCase1" time="0.575"/>
  <testcase name="validateLoginSuccess" classname="seleniuminterview.testAssignment.TestCase2" time="0.868"/>
  <testcase name="addPromise" classname="seleniuminterview.testAssignment.TestCase3" time="11.136"/>
  <testcase name="verifyPromise" classname="seleniuminterview.testAssignment.TestCase4" time="4.717"/>
  <testcase name="validateLogout" classname="seleniuminterview.testAssignment.TestCase5" time="1.594"/>
</testsuite>